<?xml version="1.0" encoding="UTF-8"?>
<testng-results ignored="0" total="1" passed="1" failed="0" skipped="0">
  <reporter-output>
  </reporter-output>
  <suite started-at="2026-02-10T19:57:13 IST" name="Default suite" finished-at="2026-02-10T19:57:58 IST" duration-ms="45798">
    <groups>
    </groups>
    <test started-at="2026-02-10T19:57:13 IST" name="Default test" finished-at="2026-02-10T19:57:58 IST" duration-ms="45798">
      <class name="testScripts.LoginTest">
        <test-method is-config="true" signature="browserLaunch()[pri:0, instance:testScripts.LoginTest@4c371370]" started-at="2026-02-10T19:57:13 IST" name="browserLaunch" finished-at="2026-02-10T19:57:46 IST" duration-ms="33515" status="PASS">
          <reporter-output>
          </reporter-output>
        </test-method> <!-- browserLaunch -->
        <test-method signature="verifyUserWithValidCredentials()[pri:0, instance:testScripts.LoginTest@4c371370]" started-at="2026-02-10T19:57:46 IST" name="verifyUserWithValidCredentials" finished-at="2026-02-10T19:57:58 IST" duration-ms="12134" status="PASS">
          <reporter-output>
          </reporter-output>
        </test-method> <!-- verifyUserWithValidCredentials -->
      </class> <!-- testScripts.LoginTest -->
    </test> <!-- Default test -->
  </suite> <!-- Default suite -->
</testng-results>
