<?xml version="1.0" encoding="UTF-8"?>
<!-- Generated by org.testng.reporters.JUnitXMLReporter -->
<testsuite ignored="3" hostname="DESKTOP-993FB2V" failures="0" tests="1" name="Default test" time="21.804" errors="0" timestamp="2026-02-03T22:48:03 IST">
  <testcase classname="testScripts.LoginTest" name="verifyUserWithValidCredentials" time="3.078"/>
  <testcase classname="testScripts.LoginTest" name="verifyUserWithInvalidCredentials" time="0.0">
    <ignored/>
  </testcase> <!-- verifyUserWithInvalidCredentials -->
  <testcase classname="testScripts.LoginTest" name="verifyUserWithValidUsernameAndInvalidPassword" time="0.0">
    <ignored/>
  </testcase> <!-- verifyUserWithValidUsernameAndInvalidPassword -->
  <testcase classname="testScripts.LoginTest" name="verifyUserWithInvalidUsernameAndValidPassword" time="0.0">
    <ignored/>
  </testcase> <!-- verifyUserWithInvalidUsernameAndValidPassword -->
</testsuite> <!-- Default test -->
