<?xml version="1.0" encoding="UTF-8"?>
<!-- Generated by org.testng.reporters.JUnitXMLReporter -->
<testsuite ignored="0" hostname="DESKTOP-993FB2V" failures="0" tests="4" name="Default test" time="181.563" errors="0" timestamp="2026-02-05T22:08:08 IST">
  <testcase classname="testScripts.LoginTest" name="verifyUserWithInvalidCredentials" time="11.382"/>
  <testcase classname="testScripts.LoginTest" name="verifyUserWithInvalidUsernameAndValidPassword" time="0.525"/>
  <testcase classname="testScripts.LoginTest" name="verifyUserWithValidCredentials" time="5.352"/>
  <testcase classname="testScripts.LoginTest" name="verifyUserWithValidUsernameAndInvalidPassword" time="1.343"/>
</testsuite> <!-- Default test -->
