<?xml version="1.0" encoding="UTF-8"?>
<!-- Generated by org.testng.reporters.JUnitReportReporter -->
<testsuite hostname="DESKTOP-993FB2V" failures="0" tests="4" name="testScripts.LoginTest" time="181.402" errors="0" timestamp="2026-02-05T22:08:19 IST" skipped="0">
  <testcase classname="testScripts.LoginTest" name="verifyUserWithInvalidUsernameAndValidPassword" time="40.985"/>
  <testcase classname="testScripts.LoginTest" name="verifyUserWithValidUsernameAndInvalidPassword" time="51.445"/>
  <testcase classname="testScripts.LoginTest" name="verifyUserWithValidCredentials" time="31.857"/>
  <testcase classname="testScripts.LoginTest" name="verifyUserWithInvalidCredentials" time="57.115"/>
</testsuite> <!-- testScripts.LoginTest -->
